<?xml version="1.0" encoding="UTF-8"?>
<!-- Generated by org.testng.reporters.JUnitReportReporter -->
<testsuite hostname="ASUSTUF" failures="0" tests="1" name="Assignment.validateFileUpload" time="1.401" errors="0" timestamp="2023-07-18T21:36:07 IST" skipped="0">
  <testcase classname="Assignment.validateFileUpload" name="testFileUpload" time="1.401"/>
  <system-out/>
</testsuite> <!-- Assignment.validateFileUpload -->
